[2020-12-22T05:05:54.054Z] [org.springframework.test.context.support.AbstractTestContextBootstrapper] [main] [305] [INFO ] Neither @ContextConfiguration nor @ContextHierarchy found for test class [com.fujitsu.L1.demo.DemoApplicationTests], using SpringBootContextLoader
[2020-12-22T05:05:54.054Z] [org.springframework.test.context.support.AbstractContextLoader] [main] [264] [INFO ] Could not detect default resource locations for test class [com.fujitsu.L1.demo.DemoApplicationTests]: no resource found for suffixes {-context.xml, Context.groovy}.
[2020-12-22T05:05:54.054Z] [org.springframework.test.context.support.AnnotationConfigContextLoaderUtils] [main] [83] [INFO ] Could not detect default configuration classes for test class [com.fujitsu.L1.demo.DemoApplicationTests]: DemoApplicationTests does not declare any static, non-private, non-final, nested classes annotated with @Configuration.
[2020-12-22T05:05:54.054Z] [org.springframework.boot.test.context.SpringBootTestContextBootstrapper] [main] [238] [INFO ] Found @SpringBootConfiguration com.fujitsu.L1.DemoApplication for test class com.fujitsu.L1.demo.DemoApplicationTests
[2020-12-22T05:05:54.054Z] [org.springframework.test.context.support.AbstractTestContextBootstrapper] [main] [245] [INFO ] Loaded default TestExecutionListener class names from location [META-INF/spring.factories]: [org.springframework.boot.test.mock.mockito.MockitoTestExecutionListener, org.springframework.boot.test.mock.mockito.ResetMocksTestExecutionListener, org.springframework.boot.test.autoconfigure.restdocs.RestDocsTestExecutionListener, org.springframework.boot.test.autoconfigure.web.client.MockRestServiceServerResetTestExecutionListener, org.springframework.boot.test.autoconfigure.web.servlet.MockMvcPrintOnlyOnFailureTestExecutionListener, org.springframework.boot.test.autoconfigure.web.servlet.WebDriverTestExecutionListener, org.springframework.boot.test.autoconfigure.webservices.client.MockWebServiceServerTestExecutionListener, org.springframework.test.context.web.ServletTestExecutionListener, org.springframework.test.context.support.DirtiesContextBeforeModesTestExecutionListener, org.springframework.test.context.support.DependencyInjectionTestExecutionListener, org.springframework.test.context.support.DirtiesContextTestExecutionListener, org.springframework.test.context.transaction.TransactionalTestExecutionListener, org.springframework.test.context.jdbc.SqlScriptsTestExecutionListener, org.springframework.test.context.event.EventPublishingTestExecutionListener]
[2020-12-22T05:05:54.054Z] [org.springframework.test.context.support.AbstractTestContextBootstrapper] [main] [174] [INFO ] Using TestExecutionListeners: [org.springframework.test.context.web.ServletTestExecutionListener@ae11f, org.springframework.test.context.support.DirtiesContextBeforeModesTestExecutionListener@18d68ff, org.springframework.boot.test.mock.mockito.MockitoTestExecutionListener@186805d, org.springframework.boot.test.autoconfigure.SpringBootDependencyInjectionTestExecutionListener@52c06f, org.springframework.test.context.support.DirtiesContextTestExecutionListener@149c063, org.springframework.test.context.transaction.TransactionalTestExecutionListener@1cb8225, org.springframework.test.context.jdbc.SqlScriptsTestExecutionListener@b07f29, org.springframework.test.context.event.EventPublishingTestExecutionListener@af9828, org.springframework.boot.test.mock.mockito.ResetMocksTestExecutionListener@16a0d86, org.springframework.boot.test.autoconfigure.restdocs.RestDocsTestExecutionListener@656be4, org.springframework.boot.test.autoconfigure.web.client.MockRestServiceServerResetTestExecutionListener@1d919b6, org.springframework.boot.test.autoconfigure.web.servlet.MockMvcPrintOnlyOnFailureTestExecutionListener@1f3bdbd, org.springframework.boot.test.autoconfigure.web.servlet.WebDriverTestExecutionListener@129c78, org.springframework.boot.test.autoconfigure.webservices.client.MockWebServiceServerTestExecutionListener@161eb55]
[2020-12-22T05:05:54.054Z] [org.springframework.boot.StartupInfoLogger] [main] [55] [INFO ] Starting DemoApplicationTests using Java 1.8.0_41 on DESKTOP-S7CAP56 with PID 7888 (started by User in F:\Fujitsu_L1\demo\demo)
[2020-12-22T05:05:54.054Z] [org.springframework.boot.SpringApplication] [main] [660] [INFO ] No active profile set, falling back to default profiles: default
[2020-12-22T05:05:54.054Z] [org.hibernate.validator.internal.util.Version] [background-preinit] [21] [INFO ] HV000001: Hibernate Validator 6.1.6.Final
[2020-12-22T05:05:55.055Z] [org.springframework.data.repository.config.RepositoryConfigurationDelegate] [main] [128] [INFO ] Bootstrapping Spring Data JPA repositories in DEFAULT mode.
[2020-12-22T05:05:55.055Z] [org.springframework.data.repository.config.RepositoryConfigurationDelegate] [main] [188] [INFO ] Finished Spring Data repository scanning in 6 ms. Found 0 JPA repository interfaces.
[2020-12-22T05:05:55.055Z] [org.hibernate.jpa.internal.util.LogHelper] [main] [31] [INFO ] HHH000204: Processing PersistenceUnitInfo [name: default]
[2020-12-22T05:05:55.055Z] [org.hibernate.Version] [main] [44] [INFO ] HHH000412: Hibernate ORM core version 5.4.25.Final
[2020-12-22T05:05:55.055Z] [org.hibernate.annotations.common.reflection.java.JavaReflectionManager] [main] [56] [INFO ] HCANN000001: Hibernate Commons Annotations {5.1.2.Final}
[2020-12-22T05:05:56.056Z] [com.zaxxer.hikari.HikariDataSource] [main] [110] [INFO ] HikariPool-1 - Starting...
[2020-12-22T05:05:56.056Z] [com.zaxxer.hikari.HikariDataSource] [main] [123] [INFO ] HikariPool-1 - Start completed.
[2020-12-22T05:05:56.056Z] [org.hibernate.dialect.Dialect] [main] [175] [INFO ] HHH000400: Using dialect: org.hibernate.dialect.PostgreSQLDialect
[2020-12-22T05:05:57.057Z] [org.hibernate.engine.transaction.jta.platform.internal.JtaPlatformInitiator] [main] [52] [INFO ] HHH000490: Using JtaPlatform implementation: [org.hibernate.engine.transaction.jta.platform.internal.NoJtaPlatform]
[2020-12-22T05:05:57.057Z] [org.springframework.orm.jpa.AbstractEntityManagerFactoryBean] [main] [437] [INFO ] Initialized JPA EntityManagerFactory for persistence unit 'default'
[2020-12-22T05:05:57.057Z] [org.springframework.boot.autoconfigure.orm.jpa.JpaBaseConfiguration$JpaWebConfiguration] [main] [221] [WARN ] spring.jpa.open-in-view is enabled by default. Therefore, database queries may be performed during view rendering. Explicitly configure spring.jpa.open-in-view to disable this warning
[2020-12-22T05:05:57.057Z] [org.springframework.scheduling.concurrent.ExecutorConfigurationSupport] [main] [181] [INFO ] Initializing ExecutorService 'applicationTaskExecutor'
[2020-12-22T05:05:57.057Z] [org.springframework.boot.StartupInfoLogger] [main] [61] [INFO ] Started DemoApplicationTests in 3.323 seconds (JVM running for 4.121)
[2020-12-22T05:05:58.058Z] [org.springframework.scheduling.concurrent.ExecutorConfigurationSupport] [SpringContextShutdownHook] [218] [INFO ] Shutting down ExecutorService 'applicationTaskExecutor'
[2020-12-22T05:05:58.058Z] [org.springframework.orm.jpa.AbstractEntityManagerFactoryBean] [SpringContextShutdownHook] [651] [INFO ] Closing JPA EntityManagerFactory for persistence unit 'default'
[2020-12-22T05:05:58.058Z] [com.zaxxer.hikari.HikariDataSource] [SpringContextShutdownHook] [350] [INFO ] HikariPool-1 - Shutdown initiated...
[2020-12-22T05:05:58.058Z] [com.zaxxer.hikari.HikariDataSource] [SpringContextShutdownHook] [352] [INFO ] HikariPool-1 - Shutdown completed.
